{"D:\\fase4\\soat-tech-pagamento\\pagamento\\src\\application\\usecases\\CheckoutPagamento.ts": {"path":"D:\\fase4\\soat-tech-pagamento\\pagamento\\src\\application\\usecases\\CheckoutPagamento.ts","statementMap":{"0":{"start":{"line":1,"column":0},"end":{"line":1,"column":26}},"1":{"start":{"line":2,"column":0},"end":{"line":2,"column":111}},"2":{"start":{"line":4,"column":22},"end":{"line":4,"column":52}},"3":{"start":{"line":19,"column":2},"end":{"line":24,"column":8}},"4":{"start":{"line":20,"column":18},"end":{"line":20,"column":56}},"5":{"start":{"line":21,"column":17},"end":{"line":21,"column":58}},"6":{"start":{"line":22,"column":23},"end":{"line":22,"column":43}},"7":{"start":{"line":23,"column":4},"end":{"line":23,"column":36}},"8":{"start":{"line":29,"column":4},"end":{"line":29,"column":68}},"9":{"start":{"line":31,"column":26},"end":{"line":31,"column":53}},"10":{"start":{"line":32,"column":26},"end":{"line":32,"column":53}},"11":{"start":{"line":33,"column":29},"end":{"line":33,"column":59}},"12":{"start":{"line":35,"column":4},"end":{"line":35,"column":72}},"13":{"start":{"line":35,"column":24},"end":{"line":35,"column":72}},"14":{"start":{"line":36,"column":4},"end":{"line":36,"column":72}},"15":{"start":{"line":36,"column":24},"end":{"line":36,"column":72}},"16":{"start":{"line":37,"column":4},"end":{"line":37,"column":78}},"17":{"start":{"line":37,"column":27},"end":{"line":37,"column":78}},"18":{"start":{"line":41,"column":35},"end":{"line":41,"column":39}},"19":{"start":{"line":43,"column":4},"end":{"line":49,"column":5}},"20":{"start":{"line":44,"column":23},"end":{"line":44,"column":85}},"21":{"start":{"line":45,"column":6},"end":{"line":45,"column":20}},"22":{"start":{"line":47,"column":6},"end":{"line":47,"column":115}},"23":{"start":{"line":48,"column":6},"end":{"line":48,"column":20}},"24":{"start":{"line":51,"column":18},"end":{"line":51,"column":37}},"25":{"start":{"line":52,"column":18},"end":{"line":52,"column":57}},"26":{"start":{"line":54,"column":6},"end":{"line":75,"column":12}},"27":{"start":{"line":56,"column":25},"end":{"line":56,"column":66}},"28":{"start":{"line":57,"column":26},"end":{"line":57,"column":64}},"29":{"start":{"line":58,"column":31},"end":{"line":58,"column":51}},"30":{"start":{"line":59,"column":12},"end":{"line":65,"column":14}},"31":{"start":{"line":77,"column":4},"end":{"line":81,"column":7}},"32":{"start":{"line":84,"column":28},"end":{"line":84,"column":32}},"33":{"start":{"line":86,"column":26},"end":{"line":94,"column":6}},"34":{"start":{"line":96,"column":4},"end":{"line":124,"column":5}},"35":{"start":{"line":97,"column":23},"end":{"line":105,"column":null}},"36":{"start":{"line":108,"column":22},"end":{"line":108,"column":43}},"37":{"start":{"line":112,"column":6},"end":{"line":117,"column":9}},"38":{"start":{"line":119,"column":6},"end":{"line":119,"column":70}},"39":{"start":{"line":120,"column":6},"end":{"line":120,"column":21}},"40":{"start":{"line":122,"column":6},"end":{"line":122,"column":87}},"41":{"start":{"line":123,"column":6},"end":{"line":123,"column":47}},"42":{"start":{"line":27,"column":0},"end":{"line":27,"column":13}}},"fnMap":{"0":{"name":"calcularTotal","decl":{"start":{"line":18,"column":9},"end":{"line":18,"column":22}},"loc":{"start":{"line":18,"column":47},"end":{"line":25,"column":1}}},"1":{"name":"(anonymous_2)","decl":{"start":{"line":19,"column":22},"end":{"line":19,"column":23}},"loc":{"start":{"line":19,"column":36},"end":{"line":24,"column":3}}},"2":{"name":"(anonymous_3)","decl":{"start":{"line":28,"column":2},"end":{"line":28,"column":7}},"loc":{"start":{"line":28,"column":45},"end":{"line":125,"column":3}}},"3":{"name":"(anonymous_4)","decl":{"start":{"line":55,"column":20},"end":{"line":55,"column":21}},"loc":{"start":{"line":55,"column":29},"end":{"line":66,"column":11}}}},"branchMap":{"0":{"loc":{"start":{"line":18,"column":23},"end":{"line":18,"column":47}},"type":"default-arg","locations":[{"start":{"line":18,"column":45},"end":{"line":18,"column":47}}]},"1":{"loc":{"start":{"line":20,"column":18},"end":{"line":20,"column":56}},"type":"binary-expr","locations":[{"start":{"line":20,"column":18},"end":{"line":20,"column":37}},{"start":{"line":20,"column":41},"end":{"line":20,"column":51}},{"start":{"line":20,"column":55},"end":{"line":20,"column":56}}]},"2":{"loc":{"start":{"line":21,"column":17},"end":{"line":21,"column":58}},"type":"binary-expr","locations":[{"start":{"line":21,"column":17},"end":{"line":21,"column":35}},{"start":{"line":21,"column":39},"end":{"line":21,"column":48}},{"start":{"line":21,"column":52},"end":{"line":21,"column":58}}]},"3":{"loc":{"start":{"line":22,"column":23},"end":{"line":22,"column":43}},"type":"binary-expr","locations":[{"start":{"line":22,"column":23},"end":{"line":22,"column":38}},{"start":{"line":22,"column":42},"end":{"line":22,"column":43}}]},"4":{"loc":{"start":{"line":35,"column":4},"end":{"line":35,"column":72}},"type":"if","locations":[{"start":{"line":35,"column":4},"end":{"line":35,"column":72}},{"start":{},"end":{}}]},"5":{"loc":{"start":{"line":36,"column":4},"end":{"line":36,"column":72}},"type":"if","locations":[{"start":{"line":36,"column":4},"end":{"line":36,"column":72}},{"start":{},"end":{}}]},"6":{"loc":{"start":{"line":37,"column":4},"end":{"line":37,"column":78}},"type":"if","locations":[{"start":{"line":37,"column":4},"end":{"line":37,"column":78}},{"start":{},"end":{}}]},"7":{"loc":{"start":{"line":51,"column":18},"end":{"line":51,"column":37}},"type":"binary-expr","locations":[{"start":{"line":51,"column":18},"end":{"line":51,"column":31}},{"start":{"line":51,"column":35},"end":{"line":51,"column":37}}]},"8":{"loc":{"start":{"line":52,"column":18},"end":{"line":52,"column":57}},"type":"cond-expr","locations":[{"start":{"line":52,"column":33},"end":{"line":52,"column":53}},{"start":{"line":52,"column":56},"end":{"line":52,"column":57}}]},"9":{"loc":{"start":{"line":54,"column":6},"end":{"line":75,"column":12}},"type":"cond-expr","locations":[{"start":{"line":55,"column":10},"end":{"line":66,"column":12}},{"start":{"line":67,"column":10},"end":{"line":75,"column":12}}]},"10":{"loc":{"start":{"line":56,"column":25},"end":{"line":56,"column":66}},"type":"binary-expr","locations":[{"start":{"line":56,"column":25},"end":{"line":56,"column":43}},{"start":{"line":56,"column":47},"end":{"line":56,"column":56}},{"start":{"line":56,"column":60},"end":{"line":56,"column":66}}]},"11":{"loc":{"start":{"line":57,"column":26},"end":{"line":57,"column":64}},"type":"binary-expr","locations":[{"start":{"line":57,"column":26},"end":{"line":57,"column":45}},{"start":{"line":57,"column":49},"end":{"line":57,"column":59}},{"start":{"line":57,"column":63},"end":{"line":57,"column":64}}]},"12":{"loc":{"start":{"line":58,"column":31},"end":{"line":58,"column":51}},"type":"binary-expr","locations":[{"start":{"line":58,"column":31},"end":{"line":58,"column":46}},{"start":{"line":58,"column":50},"end":{"line":58,"column":51}}]},"13":{"loc":{"start":{"line":122,"column":48},"end":{"line":122,"column":85}},"type":"binary-expr","locations":[{"start":{"line":122,"column":48},"end":{"line":122,"column":68}},{"start":{"line":122,"column":72},"end":{"line":122,"column":85}}]}},"s":{"0":1,"1":1,"2":1,"3":1,"4":2,"5":2,"6":2,"7":2,"8":1,"9":1,"10":1,"11":1,"12":1,"13":0,"14":1,"15":0,"16":1,"17":0,"18":1,"19":1,"20":1,"21":1,"22":0,"23":0,"24":1,"25":1,"26":1,"27":2,"28":2,"29":2,"30":2,"31":1,"32":1,"33":1,"34":1,"35":1,"36":1,"37":1,"38":1,"39":1,"40":0,"41":0,"42":1},"f":{"0":1,"1":2,"2":1,"3":2},"b":{"0":[0],"1":[2,0,0],"2":[2,0,0],"3":[2,0],"4":[0,1],"5":[0,1],"6":[0,1],"7":[1,0],"8":[1,0],"9":[1,0],"10":[2,0,0],"11":[2,0,0],"12":[2,0],"13":[0,0]}}
,"D:\\fase4\\soat-tech-pagamento\\pagamento\\src\\infrastructure\\database\\repositories\\PagamentoMongoRepository.ts": {"path":"D:\\fase4\\soat-tech-pagamento\\pagamento\\src\\infrastructure\\database\\repositories\\PagamentoMongoRepository.ts","statementMap":{"0":{"start":{"line":1,"column":0},"end":{"line":1,"column":73}},"1":{"start":{"line":5,"column":16},"end":{"line":5,"column":49}},"2":{"start":{"line":6,"column":4},"end":{"line":6,"column":26}},"3":{"start":{"line":10,"column":16},"end":{"line":10,"column":56}},"4":{"start":{"line":11,"column":4},"end":{"line":11,"column":15}},"5":{"start":{"line":15,"column":16},"end":{"line":19,"column":12}},"6":{"start":{"line":20,"column":4},"end":{"line":20,"column":15}},"7":{"start":{"line":3,"column":0},"end":{"line":3,"column":13}}},"fnMap":{"0":{"name":"(anonymous_0)","decl":{"start":{"line":4,"column":2},"end":{"line":4,"column":7}},"loc":{"start":{"line":4,"column":23},"end":{"line":7,"column":3}}},"1":{"name":"(anonymous_1)","decl":{"start":{"line":9,"column":2},"end":{"line":9,"column":7}},"loc":{"start":{"line":9,"column":30},"end":{"line":12,"column":3}}},"2":{"name":"(anonymous_2)","decl":{"start":{"line":14,"column":2},"end":{"line":14,"column":7}},"loc":{"start":{"line":14,"column":50},"end":{"line":21,"column":3}}}},"branchMap":{},"s":{"0":6,"1":4,"2":4,"3":1,"4":1,"5":1,"6":1,"7":6},"f":{"0":4,"1":1,"2":1},"b":{}}
,"D:\\fase4\\soat-tech-pagamento\\pagamento\\src\\interfaces\\controllers\\WebhookController.ts": {"path":"D:\\fase4\\soat-tech-pagamento\\pagamento\\src\\interfaces\\controllers\\WebhookController.ts","statementMap":{"0":{"start":{"line":2,"column":0},"end":{"line":2,"column":26}},"1":{"start":{"line":3,"column":0},"end":{"line":3,"column":111}},"2":{"start":{"line":5,"column":22},"end":{"line":5,"column":52}},"3":{"start":{"line":8,"column":2},"end":{"line":17,"column":3}},"4":{"start":{"line":10,"column":6},"end":{"line":10,"column":24}},"5":{"start":{"line":12,"column":6},"end":{"line":12,"column":26}},"6":{"start":{"line":14,"column":6},"end":{"line":14,"column":24}},"7":{"start":{"line":16,"column":6},"end":{"line":16,"column":28}},"8":{"start":{"line":21,"column":2},"end":{"line":21,"column":50}},"9":{"start":{"line":21,"column":36},"end":{"line":21,"column":50}},"10":{"start":{"line":22,"column":2},"end":{"line":22,"column":55}},"11":{"start":{"line":22,"column":36},"end":{"line":22,"column":55}},"12":{"start":{"line":23,"column":2},"end":{"line":23,"column":20}},"13":{"start":{"line":28,"column":4},"end":{"line":132,"column":5}},"14":{"start":{"line":29,"column":83},"end":{"line":29,"column":91}},"15":{"start":{"line":31,"column":6},"end":{"line":31,"column":56}},"16":{"start":{"line":34,"column":6},"end":{"line":36,"column":7}},"17":{"start":{"line":35,"column":8},"end":{"line":35,"column":54}},"18":{"start":{"line":38,"column":6},"end":{"line":40,"column":7}},"19":{"start":{"line":39,"column":8},"end":{"line":39,"column":55}},"20":{"start":{"line":42,"column":26},"end":{"line":42,"column":34}},"21":{"start":{"line":45,"column":6},"end":{"line":65,"column":7}},"22":{"start":{"line":46,"column":30},"end":{"line":46,"column":66}},"23":{"start":{"line":47,"column":33},"end":{"line":47,"column":63}},"24":{"start":{"line":49,"column":8},"end":{"line":54,"column":11}},"25":{"start":{"line":56,"column":33},"end":{"line":56,"column":63}},"26":{"start":{"line":57,"column":8},"end":{"line":61,"column":9}},"27":{"start":{"line":58,"column":10},"end":{"line":60,"column":13}},"28":{"start":{"line":63,"column":8},"end":{"line":63,"column":93}},"29":{"start":{"line":64,"column":8},"end":{"line":64,"column":53}},"30":{"start":{"line":67,"column":6},"end":{"line":70,"column":7}},"31":{"start":{"line":68,"column":8},"end":{"line":68,"column":52}},"32":{"start":{"line":69,"column":8},"end":{"line":69,"column":51}},"33":{"start":{"line":72,"column":22},"end":{"line":72,"column":49}},"34":{"start":{"line":73,"column":6},"end":{"line":76,"column":7}},"35":{"start":{"line":74,"column":8},"end":{"line":74,"column":77}},"36":{"start":{"line":75,"column":8},"end":{"line":75,"column":57}},"37":{"start":{"line":79,"column":29},"end":{"line":79,"column":33}},"38":{"start":{"line":81,"column":6},"end":{"line":95,"column":7}},"39":{"start":{"line":82,"column":25},"end":{"line":84,"column":10}},"40":{"start":{"line":85,"column":8},"end":{"line":85,"column":36}},"41":{"start":{"line":87,"column":8},"end":{"line":90,"column":9}},"42":{"start":{"line":88,"column":10},"end":{"line":88,"column":121}},"43":{"start":{"line":89,"column":10},"end":{"line":89,"column":77}},"44":{"start":{"line":93,"column":8},"end":{"line":93,"column":115}},"45":{"start":{"line":94,"column":8},"end":{"line":94,"column":64}},"46":{"start":{"line":97,"column":23},"end":{"line":97,"column":54}},"47":{"start":{"line":98,"column":23},"end":{"line":98,"column":64}},"48":{"start":{"line":99,"column":28},"end":{"line":99,"column":58}},"49":{"start":{"line":101,"column":6},"end":{"line":104,"column":7}},"50":{"start":{"line":102,"column":8},"end":{"line":102,"column":57}},"51":{"start":{"line":103,"column":8},"end":{"line":103,"column":67}},"52":{"start":{"line":108,"column":6},"end":{"line":113,"column":9}},"53":{"start":{"line":116,"column":31},"end":{"line":116,"column":61}},"54":{"start":{"line":117,"column":6},"end":{"line":120,"column":7}},"55":{"start":{"line":118,"column":8},"end":{"line":118,"column":83}},"56":{"start":{"line":119,"column":8},"end":{"line":119,"column":65}},"57":{"start":{"line":122,"column":31},"end":{"line":122,"column":61}},"58":{"start":{"line":123,"column":6},"end":{"line":125,"column":9}},"59":{"start":{"line":127,"column":6},"end":{"line":127,"column":117}},"60":{"start":{"line":128,"column":6},"end":{"line":128,"column":40}},"61":{"start":{"line":130,"column":6},"end":{"line":130,"column":80}},"62":{"start":{"line":131,"column":6},"end":{"line":131,"column":59}},"63":{"start":{"line":26,"column":0},"end":{"line":26,"column":13}}},"fnMap":{"0":{"name":"mapStatusMercadoPago","decl":{"start":{"line":7,"column":9},"end":{"line":7,"column":29}},"loc":{"start":{"line":7,"column":46},"end":{"line":18,"column":1}}},"1":{"name":"mapStatusPedido","decl":{"start":{"line":20,"column":9},"end":{"line":20,"column":24}},"loc":{"start":{"line":20,"column":46},"end":{"line":24,"column":1}}},"2":{"name":"(anonymous_3)","decl":{"start":{"line":27,"column":2},"end":{"line":27,"column":8}},"loc":{"start":{"line":27,"column":61},"end":{"line":133,"column":3}}}},"branchMap":{"0":{"loc":{"start":{"line":8,"column":2},"end":{"line":17,"column":3}},"type":"switch","locations":[{"start":{"line":9,"column":4},"end":{"line":10,"column":24}},{"start":{"line":11,"column":4},"end":{"line":12,"column":26}},{"start":{"line":13,"column":4},"end":{"line":14,"column":24}},{"start":{"line":15,"column":4},"end":{"line":16,"column":28}}]},"1":{"loc":{"start":{"line":8,"column":11},"end":{"line":8,"column":25}},"type":"binary-expr","locations":[{"start":{"line":8,"column":11},"end":{"line":8,"column":19}},{"start":{"line":8,"column":23},"end":{"line":8,"column":25}}]},"2":{"loc":{"start":{"line":21,"column":2},"end":{"line":21,"column":50}},"type":"if","locations":[{"start":{"line":21,"column":2},"end":{"line":21,"column":50}},{"start":{},"end":{}}]},"3":{"loc":{"start":{"line":22,"column":2},"end":{"line":22,"column":55}},"type":"if","locations":[{"start":{"line":22,"column":2},"end":{"line":22,"column":55}},{"start":{},"end":{}}]},"4":{"loc":{"start":{"line":34,"column":6},"end":{"line":36,"column":7}},"type":"if","locations":[{"start":{"line":34,"column":6},"end":{"line":36,"column":7}},{"start":{},"end":{}}]},"5":{"loc":{"start":{"line":38,"column":6},"end":{"line":40,"column":7}},"type":"if","locations":[{"start":{"line":38,"column":6},"end":{"line":40,"column":7}},{"start":{},"end":{}}]},"6":{"loc":{"start":{"line":45,"column":6},"end":{"line":65,"column":7}},"type":"if","locations":[{"start":{"line":45,"column":6},"end":{"line":65,"column":7}},{"start":{},"end":{}}]},"7":{"loc":{"start":{"line":45,"column":10},"end":{"line":45,"column":44}},"type":"binary-expr","locations":[{"start":{"line":45,"column":10},"end":{"line":45,"column":26}},{"start":{"line":45,"column":30},"end":{"line":45,"column":44}}]},"8":{"loc":{"start":{"line":57,"column":8},"end":{"line":61,"column":9}},"type":"if","locations":[{"start":{"line":57,"column":8},"end":{"line":61,"column":9}},{"start":{},"end":{}}]},"9":{"loc":{"start":{"line":67,"column":6},"end":{"line":70,"column":7}},"type":"if","locations":[{"start":{"line":67,"column":6},"end":{"line":70,"column":7}},{"start":{},"end":{}}]},"10":{"loc":{"start":{"line":73,"column":6},"end":{"line":76,"column":7}},"type":"if","locations":[{"start":{"line":73,"column":6},"end":{"line":76,"column":7}},{"start":{},"end":{}}]},"11":{"loc":{"start":{"line":87,"column":8},"end":{"line":90,"column":9}},"type":"if","locations":[{"start":{"line":87,"column":8},"end":{"line":90,"column":9}},{"start":{},"end":{}}]},"12":{"loc":{"start":{"line":93,"column":76},"end":{"line":93,"column":113}},"type":"binary-expr","locations":[{"start":{"line":93,"column":76},"end":{"line":93,"column":96}},{"start":{"line":93,"column":100},"end":{"line":93,"column":113}}]},"13":{"loc":{"start":{"line":98,"column":24},"end":{"line":98,"column":49}},"type":"binary-expr","locations":[{"start":{"line":98,"column":24},"end":{"line":98,"column":43}},{"start":{"line":98,"column":47},"end":{"line":98,"column":49}}]},"14":{"loc":{"start":{"line":101,"column":6},"end":{"line":104,"column":7}},"type":"if","locations":[{"start":{"line":101,"column":6},"end":{"line":104,"column":7}},{"start":{},"end":{}}]},"15":{"loc":{"start":{"line":110,"column":16},"end":{"line":110,"column":58}},"type":"binary-expr","locations":[{"start":{"line":110,"column":16},"end":{"line":110,"column":45}},{"start":{"line":110,"column":49},"end":{"line":110,"column":58}}]},"16":{"loc":{"start":{"line":112,"column":15},"end":{"line":112,"column":50}},"type":"binary-expr","locations":[{"start":{"line":112,"column":15},"end":{"line":112,"column":45}},{"start":{"line":112,"column":49},"end":{"line":112,"column":50}}]},"17":{"loc":{"start":{"line":117,"column":6},"end":{"line":120,"column":7}},"type":"if","locations":[{"start":{"line":117,"column":6},"end":{"line":120,"column":7}},{"start":{},"end":{}}]},"18":{"loc":{"start":{"line":130,"column":40},"end":{"line":130,"column":78}},"type":"binary-expr","locations":[{"start":{"line":130,"column":40},"end":{"line":130,"column":61}},{"start":{"line":130,"column":65},"end":{"line":130,"column":78}}]}},"s":{"0":4,"1":4,"2":4,"3":3,"4":3,"5":0,"6":0,"7":0,"8":2,"9":2,"10":0,"11":0,"12":0,"13":9,"14":9,"15":9,"16":9,"17":0,"18":9,"19":2,"20":7,"21":7,"22":1,"23":1,"24":1,"25":1,"26":1,"27":1,"28":1,"29":1,"30":6,"31":2,"32":2,"33":4,"34":4,"35":0,"36":0,"37":4,"38":4,"39":4,"40":2,"41":2,"42":1,"43":1,"44":1,"45":1,"46":2,"47":2,"48":2,"49":2,"50":1,"51":1,"52":1,"53":1,"54":1,"55":0,"56":0,"57":1,"58":1,"59":1,"60":1,"61":0,"62":0,"63":4},"f":{"0":3,"1":2,"2":9},"b":{"0":[3,0,0,0],"1":[3,0],"2":[2,0],"3":[0,0],"4":[0,9],"5":[2,7],"6":[1,6],"7":[7,1],"8":[1,0],"9":[2,4],"10":[0,4],"11":[1,1],"12":[1,0],"13":[2,0],"14":[1,1],"15":[1,1],"16":[1,1],"17":[0,1],"18":[0,0]}}
}
