TN:
SF:src\application\usecases\CheckoutPagamento.ts
FN:18,calcularTotal
FN:19,(anonymous_2)
FN:28,(anonymous_3)
FN:55,(anonymous_4)
FNF:4
FNH:4
FNDA:1,calcularTotal
FNDA:2,(anonymous_2)
FNDA:1,(anonymous_3)
FNDA:2,(anonymous_4)
DA:1,1
DA:2,1
DA:4,1
DA:19,1
DA:20,2
DA:21,2
DA:22,2
DA:23,2
DA:27,1
DA:29,1
DA:31,1
DA:32,1
DA:33,1
DA:35,1
DA:36,1
DA:37,1
DA:41,1
DA:43,1
DA:44,1
DA:45,1
DA:47,0
DA:48,0
DA:51,1
DA:52,1
DA:54,1
DA:56,2
DA:57,2
DA:58,2
DA:59,2
DA:77,1
DA:84,1
DA:86,1
DA:96,1
DA:97,1
DA:108,1
DA:112,1
DA:119,1
DA:120,1
DA:122,0
DA:123,0
LF:40
LH:36
BRDA:18,0,0,0
BRDA:20,1,0,2
BRDA:20,1,1,0
BRDA:20,1,2,0
BRDA:21,2,0,2
BRDA:21,2,1,0
BRDA:21,2,2,0
BRDA:22,3,0,2
BRDA:22,3,1,0
BRDA:35,4,0,0
BRDA:35,4,1,1
BRDA:36,5,0,0
BRDA:36,5,1,1
BRDA:37,6,0,0
BRDA:37,6,1,1
BRDA:51,7,0,1
BRDA:51,7,1,0
BRDA:52,8,0,1
BRDA:52,8,1,0
BRDA:54,9,0,1
BRDA:54,9,1,0
BRDA:56,10,0,2
BRDA:56,10,1,0
BRDA:56,10,2,0
BRDA:57,11,0,2
BRDA:57,11,1,0
BRDA:57,11,2,0
BRDA:58,12,0,2
BRDA:58,12,1,0
BRDA:122,13,0,0
BRDA:122,13,1,0
BRF:31
BRH:12
end_of_record
TN:
SF:src\infrastructure\database\repositories\PagamentoMongoRepository.ts
FN:4,(anonymous_0)
FN:9,(anonymous_1)
FN:14,(anonymous_2)
FNF:3
FNH:3
FNDA:4,(anonymous_0)
FNDA:1,(anonymous_1)
FNDA:1,(anonymous_2)
DA:1,6
DA:3,6
DA:5,4
DA:6,4
DA:10,1
DA:11,1
DA:15,1
DA:20,1
LF:8
LH:8
BRF:0
BRH:0
end_of_record
TN:
SF:src\interfaces\controllers\WebhookController.ts
FN:7,mapStatusMercadoPago
FN:20,mapStatusPedido
FN:27,(anonymous_3)
FNF:3
FNH:3
FNDA:3,mapStatusMercadoPago
FNDA:2,mapStatusPedido
FNDA:9,(anonymous_3)
DA:2,4
DA:3,4
DA:5,4
DA:8,3
DA:10,3
DA:12,0
DA:14,0
DA:16,0
DA:21,2
DA:22,0
DA:23,0
DA:26,4
DA:28,9
DA:29,9
DA:31,9
DA:34,9
DA:35,0
DA:38,9
DA:39,2
DA:42,7
DA:45,7
DA:46,1
DA:47,1
DA:49,1
DA:56,1
DA:57,1
DA:58,1
DA:63,1
DA:64,1
DA:67,6
DA:68,2
DA:69,2
DA:72,4
DA:73,4
DA:74,0
DA:75,0
DA:79,4
DA:81,4
DA:82,4
DA:85,2
DA:87,2
DA:88,1
DA:89,1
DA:93,1
DA:94,1
DA:97,2
DA:98,2
DA:99,2
DA:101,2
DA:102,1
DA:103,1
DA:108,1
DA:116,1
DA:117,1
DA:118,0
DA:119,0
DA:122,1
DA:123,1
DA:127,1
DA:128,1
DA:130,0
DA:131,0
LF:62
LH:50
BRDA:8,0,0,3
BRDA:8,0,1,0
BRDA:8,0,2,0
BRDA:8,0,3,0
BRDA:8,1,0,3
BRDA:8,1,1,0
BRDA:21,2,0,2
BRDA:21,2,1,0
BRDA:22,3,0,0
BRDA:22,3,1,0
BRDA:34,4,0,0
BRDA:34,4,1,9
BRDA:38,5,0,2
BRDA:38,5,1,7
BRDA:45,6,0,1
BRDA:45,6,1,6
BRDA:45,7,0,7
BRDA:45,7,1,1
BRDA:57,8,0,1
BRDA:57,8,1,0
BRDA:67,9,0,2
BRDA:67,9,1,4
BRDA:73,10,0,0
BRDA:73,10,1,4
BRDA:87,11,0,1
BRDA:87,11,1,1
BRDA:93,12,0,1
BRDA:93,12,1,0
BRDA:98,13,0,2
BRDA:98,13,1,0
BRDA:101,14,0,1
BRDA:101,14,1,1
BRDA:110,15,0,1
BRDA:110,15,1,1
BRDA:112,16,0,1
BRDA:112,16,1,1
BRDA:117,17,0,0
BRDA:117,17,1,1
BRDA:130,18,0,0
BRDA:130,18,1,0
BRF:40
BRH:25
end_of_record
